Usu·rio testuser enviou mensagem: oi
Usu·rio testuser enviou mensagem: qual meu nome
Usu·rio testuser acessou a home.
Watching for file changes with StatReloader
Not Found: /favicon.ico
C:\Users\Raiane\Desktop\chatbot\chatbot_nlp\chat\views.py changed, reloading.
Watching for file changes with StatReloader
Acesso ‡ home.
Erro no chat_api: 'NoneType' object has no attribute 'lower'
Internal Server Error: /chat/
Erro no chat_api: 'NoneType' object has no attribute 'lower'
Internal Server Error: /chat/
Acesso ‡ home.
Usu·rio anon enviou mensagem: oi
Usu·rio anon enviou mensagem: que horas sao 
Usu·rio anon enviou mensagem: quanto e 9+9
Usu·rio anon enviou mensagem:  9+9
Usu·rio anon enviou mensagem: xau
Usu·rio anon enviou mensagem: ate 
Usu·rio anon enviou mensagem: meu nome e maria 
Usu·rio anon enviou mensagem: meu nome È maria
C:\Users\Raiane\Desktop\chatbot\chatbot_nlp\chat\nlp.py changed, reloading.
Watching for file changes with StatReloader
C:\Users\Raiane\Desktop\chatbot\chatbot_nlp\chat\nlp.py changed, reloading.
Watching for file changes with StatReloader
C:\Users\Raiane\Desktop\chatbot\chatbot_nlp\chat\nlp.py changed, reloading.
Watching for file changes with StatReloader
C:\Users\Raiane\Desktop\chatbot\chatbot_nlp\chat\nlp.py changed, reloading.
Watching for file changes with StatReloader
C:\Users\Raiane\Desktop\chatbot\chatbot_nlp\chat\nlp.py changed, reloading.
Watching for file changes with StatReloader
C:\Users\Raiane\Desktop\chatbot\chatbot_nlp\chat\nlp.py changed, reloading.
Watching for file changes with StatReloader
Usu·rio anon enviou mensagem: explique python 
Usu·rio anon enviou mensagem: o que e python 
Usu·rio anon enviou mensagem: o que È python 
Usu·rio anon enviou mensagem: o que È python 
C:\Users\Raiane\Desktop\chatbot\chatbot_nlp\chat\nlp.py changed, reloading.
Watching for file changes with StatReloader
C:\Users\Raiane\Desktop\chatbot\chatbot_nlp\chat\nlp.py changed, reloading.
Watching for file changes with StatReloader
Usu·rio anon enviou mensagem: o que È python 
Acesso ‡ home.
Usu·rio anon enviou mensagem: oi
Usu·rio anon enviou mensagem: o que e python 
Usu·rio anon enviou mensagem: python 
C:\Users\Raiane\Desktop\chatbot\chatbot_nlp\chat\nlp.py changed, reloading.
Watching for file changes with StatReloader
C:\Users\Raiane\Desktop\chatbot\chatbot_nlp\chat\nlp.py changed, reloading.
Watching for file changes with StatReloader
Acesso ‡ home.
Usu·rio anon enviou mensagem: o que È python 
Usu·rio anon enviou mensagem: o que È python 
Usu·rio anon enviou mensagem: o que È o brasil  
Usu·rio anon enviou mensagem: o que È o brazil
C:\Users\Raiane\Desktop\chatbot\chatbot_nlp\chat\nlp.py changed, reloading.
Watching for file changes with StatReloader
C:\Users\Raiane\Desktop\chatbot\chatbot_nlp\chat\nlp.py changed, reloading.
Watching for file changes with StatReloader
C:\Users\Raiane\Desktop\chatbot\chatbot_nlp\chat\nlp.py changed, reloading.
Watching for file changes with StatReloader
Usu·rio anon enviou mensagem: o que È o python
Usu·rio anon enviou mensagem: o que È o python
Usu·rio anon enviou mensagem: o que È o python
Usu·rio anon enviou mensagem: o que È o python
Acesso ‡ home.
Usu·rio anon enviou mensagem: oi
Usu·rio anon enviou mensagem: o que e python 
Usu·rio anon enviou mensagem: o que e python 
C:\Users\Raiane\Desktop\chatbot\chatbot_nlp\chat\views.py changed, reloading.
Watching for file changes with StatReloader
Acesso ‡ home.
Usu·rio anon enviou mensagem: o que È o brasil
C:\Users\Raiane\Desktop\chatbot\chatbot_nlp\chat\nlp.py changed, reloading.
Watching for file changes with StatReloader
Acesso ‡ home.
Usu·rio anon enviou mensagem: o que È o brasil
Usu·rio anon enviou mensagem: o que È python
Acesso ‡ home.
Acesso ‡ home.
Acesso ‡ home.
Acesso ‡ home.
Acesso ‡ home.
Acesso ‡ home.
Acesso ‡ home.
Acesso ‡ home.
Acesso ‡ home.
Acesso ‡ home.
Acesso ‡ home.
Acesso ‡ home.
Usu·rio anon enviou mensagem: oi
Usu·rio anon enviou mensagem: oixccx
Usu·rio anon enviou mensagem: oixccxxcxc
Usu·rio anon enviou mensagem: xcxccccccxxxxxxxxxxxxxc
Usu·rio anon enviou mensagem: xcxccccccxxxxxxxxxxxxxc
Usu·rio anon enviou mensagem: xcxccccccxxxxxxxxxxxxxc
Usu·rio anon enviou mensagem: cccc
Usu·rio anon enviou mensagem: ccccx
Acesso ‡ home.
Acesso ‡ home.
Acesso ‡ home.
Acesso ‡ home.
Acesso ‡ home.
Acesso ‡ home.
Acesso ‡ home.
Acesso ‡ home.
Acesso ‡ home.
Acesso ‡ home.
Acesso ‡ home.
Acesso ‡ home.
Acesso ‡ home.
Acesso ‡ home.
Acesso ‡ home.
Acesso ‡ home.
Acesso ‡ home.
Acesso ‡ home.
Usu·rio anon enviou mensagem: oi
Watching for file changes with StatReloader
Acesso ‡ home.
Usu·rio anon enviou mensagem: oi
Usu·rio anon enviou mensagem: oi
Usu·rio anon enviou mensagem: oi
Usu·rio anon enviou mensagem: oi
Usu·rio anon enviou mensagem: oi
Usu·rio anon enviou mensagem: oi
Usu·rio anon enviou mensagem: oi
Usu·rio anon enviou mensagem: oi
Usu·rio anon enviou mensagem: oi
Usu·rio anon enviou mensagem: oi
Acesso ‡ home.
Acesso ‡ home.
Acesso ‡ home.
Acesso ‡ home.
Acesso ‡ home.
Acesso ‡ home.
Acesso ‡ home.
Watching for file changes with StatReloader
Acesso ‡ home.
Not Found: /favicon.ico
Usu·rio anon enviou mensagem: oi
Usu·rio anon enviou mensagem: que horas sao 
Usu·rio anon enviou mensagem: 9+9
Acesso ‡ home.
Acesso ‡ home.
Usu·rio anon enviou mensagem: oi
Acesso ‡ home.
Acesso ‡ home.
Acesso ‡ home.
Acesso ‡ home.
Acesso ‡ home.
Acesso ‡ home.
Not Found: /.well-known/appspecific/com.chrome.devtools.json
Acesso ‡ home.
Not Found: /.well-known/appspecific/com.chrome.devtools.json
Acesso ‡ home.
Not Found: /.well-known/appspecific/com.chrome.devtools.json
Acesso ‡ home.
Usu·rio anon enviou mensagem: oi
Acesso ‡ home.
Acesso ‡ home.
Acesso ‡ home.
Acesso ‡ home.
Acesso ‡ home.
Acesso ‡ home.
Acesso ‡ home.
Acesso ‡ home.
Acesso ‡ home.
Acesso ‡ home.
Acesso ‡ home.
Acesso ‡ home.
Acesso ‡ home.
Acesso ‡ home.
Usu·rio anon enviou mensagem: oi
Acesso ‡ home.
Acesso ‡ home.
Acesso ‡ home.
Usu·rio anon enviou mensagem: oi
Acesso ‡ home.
Usu·rio anon enviou mensagem: oi
Usu·rio anon enviou mensagem: oi
Usu·rio anon enviou mensagem: oi
Acesso ‡ home.
Acesso ‡ home.
Usu·rio anon enviou mensagem: 
Usu·rio anon enviou mensagem: oi
Acesso ‡ home.
Acesso ‡ home.
Usu·rio anon enviou mensagem: oi
Acesso ‡ home.
Usu·rio anon enviou mensagem: oi
Acesso ‡ home.
Usu·rio anon enviou mensagem: oi
Usu·rio anon enviou mensagem: oi
Acesso ‡ home.
Usu·rio anon enviou mensagem: oi
Usu·rio anon enviou mensagem: oi
Usu·rio anon enviou mensagem: oi
Acesso ‡ home.
Acesso ‡ home.
Usu·rio anon enviou mensagem: oi
Usu·rio anon enviou mensagem: oi
Usu·rio anon enviou mensagem: oi
Usu·rio anon enviou mensagem: oi
Usu·rio anon enviou mensagem: oi
Usu·rio anon enviou mensagem: oi
Usu·rio anon enviou mensagem: oi
Usu·rio anon enviou mensagem: oi
Usu·rio anon enviou mensagem: oi
Acesso ‡ home.
Acesso ‡ home.
Acesso ‡ home.
Acesso ‡ home.
Usu·rio anon enviou mensagem: oi
Acesso ‡ home.
Acesso ‡ home.
Usu·rio anon enviou mensagem: oi
Acesso ‡ home.
Acesso ‡ home.
Acesso ‡ home.
Acesso ‡ home.
Usu·rio anon enviou mensagem: oi
Acesso ‡ home.
Usu·rio anon enviou mensagem: oi
Acesso ‡ home.
Acesso ‡ home.
Usu·rio anon enviou mensagem: oi
Usu·rio anon enviou mensagem: oi
Acesso ‡ home.
Not Found: /.well-known/appspecific/com.chrome.devtools.json
Acesso ‡ home.
Acesso ‡ home.
Acesso ‡ home.
Acesso ‡ home.
Acesso ‡ home.
Acesso ‡ home.
Acesso ‡ home.
Acesso ‡ home.
Acesso ‡ home.
Acesso ‡ home.
Usu·rio anon enviou mensagem: oi
Acesso ‡ home.
Not Found: /.well-known/appspecific/com.chrome.devtools.json
Acesso ‡ home.
Not Found: /.well-known/appspecific/com.chrome.devtools.json
Usu·rio anon enviou mensagem: oi
Not Found: /.well-known/appspecific/com.chrome.devtools.json
Acesso ‡ home.
Not Found: /.well-known/appspecific/com.chrome.devtools.json
Usu·rio anon enviou mensagem: oi
Acesso ‡ home.
Not Found: /.well-known/appspecific/com.chrome.devtools.json
Usu·rio anon enviou mensagem: oi
Usu·rio anon enviou mensagem: oi
Acesso ‡ home.
Not Found: /.well-known/appspecific/com.chrome.devtools.json
Usu·rio anon enviou mensagem: oi
Acesso ‡ home.
Not Found: /.well-known/appspecific/com.chrome.devtools.json
Usu·rio anon enviou mensagem: oi
Acesso ‡ home.
Usu·rio anon enviou mensagem: oi
Acesso ‡ home.
Acesso ‡ home.
Acesso ‡ home.
Acesso ‡ home.
Acesso ‡ home.
Usu·rio anon enviou mensagem: oi
Acesso ‡ home.
Acesso ‡ home.
Acesso ‡ home.
Acesso ‡ home.
Usu·rio anon enviou mensagem: oi
Acesso ‡ home.
Acesso ‡ home.
Acesso ‡ home.
Acesso ‡ home.
Acesso ‡ home.
Usu·rio anon enviou mensagem: oi
